[1m[92m    Updating[0m crates.io index
[1m[92m Downloading[0m crates ...
[1m[92m  Downloaded[0m cpufeatures v0.2.17
[1m[92m  Downloaded[0m version_check v0.9.5
[1m[92m  Downloaded[0m digest v0.10.7
[1m[92m  Downloaded[0m generic-array v0.14.7
[1m[92m  Downloaded[0m cfg-if v1.0.4
[1m[92m  Downloaded[0m crypto-common v0.1.7
[1m[92m  Downloaded[0m block-buffer v0.10.4
[1m[92m  Downloaded[0m sha2 v0.10.9
[1m[92m  Downloaded[0m typenum v1.20.1
[1m[92m   Compiling[0m version_check v0.9.5
[1m[92m    Checking[0m typenum v1.20.1
[1m[92m    Checking[0m cfg-if v1.0.4
[1m[92m    Checking[0m cpufeatures v0.2.17
[1m[92m    Checking[0m lingonberry-protocol v0.7.0 (/home/runner/work/lingonberry/lingonberry/packages/protocol)
[1m[92m   Compiling[0m lingonberry-core v0.7.0 (/home/runner/work/lingonberry/lingonberry/packages/core)
[1m[92m   Compiling[0m generic-array v0.14.7
[1m[92m    Checking[0m crypto-common v0.1.7
[1m[92m    Checking[0m block-buffer v0.10.4
[1m[92m    Checking[0m digest v0.10.7
[1m[92m    Checking[0m sha2 v0.10.9
[1m[92m    Checking[0m lingonberry-identity v0.7.0 (/home/runner/work/lingonberry/lingonberry/packages/identity)
[1m[92m    Checking[0m lingonberry-validation v0.7.0 (/home/runner/work/lingonberry/lingonberry/packages/validation)
[1m[92m    Checking[0m lingonberry-indexer v0.7.0 (/home/runner/work/lingonberry/lingonberry/packages/indexer)
[1m[92m    Checking[0m lingonberry-storage v0.7.0 (/home/runner/work/lingonberry/lingonberry/packages/storage)
[1m[92m    Finished[0m `dev` profile [unoptimized + debuginfo] target(s) in 3.40s
exit_status=0
